# JRE version: OpenJDK Runtime Environment (21.0.6) (build 21.0.6+-13368085-b895.109)
# Java VM: OpenJDK 64-Bit Server VM (21.0.6+-13368085-b895.109, mixed mode, tiered, compressed oops, compressed class ptrs, g1 gc, windows-amd64)
GC Precious Log:
 CardTable entry size: 512
 Card Set container configuration: InlinePtr #cards 5 size 8 Array Of Cards #cards 12 size 40 Howl #buckets 4 coarsen threshold 1843 Howl Bitmap #cards 512 size 80 coarsen threshold 460 Card regions per heap region 1 cards per card region 2048
 CPUs: 12 total, 12 available
 Memory: 7863M
 Large Page Support: Disabled
 NUMA Support: Disabled
 Compressed Oops: Enabled (32-bit)
 Heap Region Size: 1M
 Heap Min Capacity: 8M
 Heap Initial Capacity: 124M
 Heap Max Capacity: 1966M
 Pre-touch: Disabled
 Parallel Workers: 10
 Concurrent Workers: 3
 Concurrent Refinement Workers: 10
 Periodic GC: Disabled
Heap:
 garbage-first heap   total 80896K, used 71655K [0x0000000085200000, 0x0000000100000000)
  region size 1024K, 18 young (18432K), 3 survivors (3072K)
 Metaspace       used 50562K, committed 50880K, reserved 1114112K
  class space    used 5666K, committed 5824K, reserved 1048576K
GC Heap History (20 events):
Event: 0.878 GC heap before
{Heap before GC invocations=5 (full 0):
 garbage-first heap   total 36864K, used 26895K [0x0000000085200000, 0x0000000100000000)
  region size 1024K, 12 young (12288K), 3 survivors (3072K)
 Metaspace       used 27462K, committed 27712K, reserved 1114112K
  class space    used 2929K, committed 3008K, reserved 1048576K
}
Event: 0.882 GC heap after
{Heap after GC invocations=6 (full 0):
 garbage-first heap   total 36864K, used 19272K [0x0000000085200000, 0x0000000100000000)
  region size 1024K, 2 young (2048K), 2 survivors (2048K)
 Metaspace       used 27462K, committed 27712K, reserved 1114112K
  class space    used 2929K, committed 3008K, reserved 1048576K
}
Event: 0.910 GC heap before
{Heap before GC invocations=6 (full 0):
 garbage-first heap   total 36864K, used 27464K [0x0000000085200000, 0x0000000100000000)
  region size 1024K, 10 young (10240K), 2 survivors (2048K)
 Metaspace       used 27725K, committed 28032K, reserved 1114112K
  class space    used 2940K, committed 3072K, reserved 1048576K
}
Event: 0.913 GC heap after
{Heap after GC invocations=7 (full 0):
 garbage-first heap   total 36864K, used 21084K [0x0000000085200000, 0x0000000100000000)
  region size 1024K, 2 young (2048K), 2 survivors (2048K)
 Metaspace       used 27725K, committed 28032K, reserved 1114112K
  class space    used 2940K, committed 3072K, reserved 1048576K
}
Event: 1.000 GC heap before
{Heap before GC invocations=8 (full 0):
 garbage-first heap   total 36864K, used 28252K [0x0000000085200000, 0x0000000100000000)
  region size 1024K, 10 young (10240K), 2 survivors (2048K)
 Metaspace       used 29796K, committed 30080K, reserved 1114112K
  class space    used 3146K, committed 3264K, reserved 1048576K
}
Event: 1.003 GC heap after
{Heap after GC invocations=9 (full 0):
 garbage-first heap   total 64512K, used 22085K [0x0000000085200000, 0x0000000100000000)
  region size 1024K, 1 young (1024K), 1 survivors (1024K)
 Metaspace       used 29796K, committed 30080K, reserved 1114112K
  class space    used 3146K, committed 3264K, reserved 1048576K
}
Event: 1.276 GC heap before
{Heap before GC invocations=9 (full 0):
 garbage-first heap   total 64512K, used 48709K [0x0000000085200000, 0x0000000100000000)
  region size 1024K, 27 young (27648K), 1 survivors (1024K)
 Metaspace       used 36733K, committed 36928K, reserved 1114112K
  class space    used 4380K, committed 4480K, reserved 1048576K
}
Event: 1.280 GC heap after
{Heap after GC invocations=10 (full 0):
 garbage-first heap   total 64512K, used 23882K [0x0000000085200000, 0x0000000100000000)
  region size 1024K, 3 young (3072K), 3 survivors (3072K)
 Metaspace       used 36733K, committed 36928K, reserved 1114112K
  class space    used 4380K, committed 4480K, reserved 1048576K
}
Event: 1.668 GC heap before
{Heap before GC invocations=10 (full 0):
 garbage-first heap   total 64512K, used 50506K [0x0000000085200000, 0x0000000100000000)
  region size 1024K, 30 young (30720K), 3 survivors (3072K)
 Metaspace       used 42553K, committed 42816K, reserved 1114112K
  class space    used 4901K, committed 5056K, reserved 1048576K
}
Event: 1.675 GC heap after
{Heap after GC invocations=11 (full 0):
 garbage-first heap   total 64512K, used 27623K [0x0000000085200000, 0x0000000100000000)
  region size 1024K, 4 young (4096K), 4 survivors (4096K)
 Metaspace       used 42553K, committed 42816K, reserved 1114112K
  class space    used 4901K, committed 5056K, reserved 1048576K
}
Event: 1.970 GC heap before
{Heap before GC invocations=11 (full 0):
 garbage-first heap   total 64512K, used 52199K [0x0000000085200000, 0x0000000100000000)
  region size 1024K, 28 young (28672K), 4 survivors (4096K)
 Metaspace       used 43070K, committed 43328K, reserved 1114112K
  class space    used 4934K, committed 5056K, reserved 1048576K
}
Event: 1.985 GC heap after
{Heap after GC invocations=12 (full 0):
 garbage-first heap   total 64512K, used 35145K [0x0000000085200000, 0x0000000100000000)
  region size 1024K, 4 young (4096K), 4 survivors (4096K)
 Metaspace       used 43070K, committed 43328K, reserved 1114112K
  class space    used 4934K, committed 5056K, reserved 1048576K
}
Event: 2.210 GC heap before
{Heap before GC invocations=12 (full 0):
 garbage-first heap   total 64512K, used 51529K [0x0000000085200000, 0x0000000100000000)
  region size 1024K, 21 young (21504K), 4 survivors (4096K)
 Metaspace       used 45571K, committed 45824K, reserved 1114112K
  class space    used 5174K, committed 5312K, reserved 1048576K
}
Event: 2.216 GC heap after
{Heap after GC invocations=13 (full 0):
 garbage-first heap   total 80896K, used 38375K [0x0000000085200000, 0x0000000100000000)
  region size 1024K, 3 young (3072K), 3 survivors (3072K)
 Metaspace       used 45571K, committed 45824K, reserved 1114112K
  class space    used 5174K, committed 5312K, reserved 1048576K
}
Event: 2.510 GC heap before
{Heap before GC invocations=14 (full 0):
 garbage-first heap   total 80896K, used 63975K [0x0000000085200000, 0x0000000100000000)
  region size 1024K, 28 young (28672K), 3 survivors (3072K)
 Metaspace       used 49085K, committed 49408K, reserved 1114112K
  class space    used 5561K, committed 5696K, reserved 1048576K
}
Event: 2.517 GC heap after
{Heap after GC invocations=15 (full 0):
 garbage-first heap   total 80896K, used 42654K [0x0000000085200000, 0x0000000100000000)
  region size 1024K, 4 young (4096K), 4 survivors (4096K)
 Metaspace       used 49085K, committed 49408K, reserved 1114112K
  class space    used 5561K, committed 5696K, reserved 1048576K
}
Event: 2.720 GC heap before
{Heap before GC invocations=15 (full 0):
 garbage-first heap   total 80896K, used 66206K [0x0000000085200000, 0x0000000100000000)
  region size 1024K, 27 young (27648K), 4 survivors (4096K)
 Metaspace       used 50270K, committed 50560K, reserved 1114112K
  class space    used 5656K, committed 5824K, reserved 1048576K
}
Event: 2.729 GC heap after
{Heap after GC invocations=16 (full 0):
 garbage-first heap   total 80896K, used 48103K [0x0000000085200000, 0x0000000100000000)
  region size 1024K, 4 young (4096K), 4 survivors (4096K)
 Metaspace       used 50270K, committed 50560K, reserved 1114112K
  class space    used 5656K, committed 5824K, reserved 1048576K
}
Event: 2.840 GC heap before
{Heap before GC invocations=16 (full 0):
 garbage-first heap   total 80896K, used 65511K [0x0000000085200000, 0x0000000100000000)
  region size 1024K, 23 young (23552K), 4 survivors (4096K)
 Metaspace       used 50535K, committed 50816K, reserved 1114112K
  class space    used 5666K, committed 5824K, reserved 1048576K
}
Event: 2.848 GC heap after
{Heap after GC invocations=17 (full 0):
 garbage-first heap   total 80896K, used 55271K [0x0000000085200000, 0x0000000100000000)
  region size 1024K, 3 young (3072K), 3 survivors (3072K)
 Metaspace       used 50535K, committed 50816K, reserved 1114112K
  class space    used 5666K, committed 5824K, reserved 1048576K
}

