# JRE version: OpenJDK Runtime Environment (21.0.6) (build 21.0.6+-13368085-b895.109)
# Java VM: OpenJDK 64-Bit Server VM (21.0.6+-13368085-b895.109, mixed mode, tiered, compressed oops, compressed class ptrs, g1 gc, windows-amd64)
GC Precious Log:
 CardTable entry size: 512
 Card Set container configuration: InlinePtr #cards 5 size 8 Array Of Cards #cards 12 size 40 Howl #buckets 4 coarsen threshold 1843 Howl Bitmap #cards 512 size 80 coarsen threshold 460 Card regions per heap region 1 cards per card region 2048
 CPUs: 12 total, 12 available
 Memory: 7863M
 Large Page Support: Disabled
 NUMA Support: Disabled
 Compressed Oops: Enabled (32-bit)
 Heap Region Size: 1M
 Heap Min Capacity: 8M
 Heap Initial Capacity: 124M
 Heap Max Capacity: 2G
 Pre-touch: Disabled
 Parallel Workers: 10
 Concurrent Workers: 3
 Concurrent Refinement Workers: 10
 Periodic GC: Disabled
Heap:
 garbage-first heap   total 389120K, used 296242K [0x0000000080000000, 0x0000000100000000)
  region size 1024K, 183 young (187392K), 0 survivors (0K)
 Metaspace       used 165889K, committed 168512K, reserved 1245184K
  class space    used 21818K, committed 23168K, reserved 1048576K
GC Heap History (20 events):
Event: 62.534 GC heap before
{Heap before GC invocations=72 (full 0):
 garbage-first heap   total 974848K, used 848134K [0x0000000080000000, 0x0000000100000000)
  region size 1024K, 238 young (243712K), 24 survivors (24576K)
 Metaspace       used 145204K, committed 147712K, reserved 1179648K
  class space    used 19532K, committed 20800K, reserved 1048576K
}
Event: 62.565 GC heap after
{Heap after GC invocations=73 (full 0):
 garbage-first heap   total 974848K, used 646942K [0x0000000080000000, 0x0000000100000000)
  region size 1024K, 17 young (17408K), 17 survivors (17408K)
 Metaspace       used 145204K, committed 147712K, reserved 1179648K
  class space    used 19532K, committed 20800K, reserved 1048576K
}
Event: 63.924 GC heap before
{Heap before GC invocations=74 (full 0):
 garbage-first heap   total 1075200K, used 909086K [0x0000000080000000, 0x0000000100000000)
  region size 1024K, 232 young (237568K), 17 survivors (17408K)
 Metaspace       used 145276K, committed 147776K, reserved 1179648K
  class space    used 19532K, committed 20800K, reserved 1048576K
}
Event: 63.951 GC heap after
{Heap after GC invocations=75 (full 0):
 garbage-first heap   total 1075200K, used 706247K [0x0000000080000000, 0x0000000100000000)
  region size 1024K, 29 young (29696K), 29 survivors (29696K)
 Metaspace       used 145276K, committed 147776K, reserved 1179648K
  class space    used 19532K, committed 20800K, reserved 1048576K
}
Event: 64.627 GC heap before
{Heap before GC invocations=75 (full 0):
 garbage-first heap   total 1075200K, used 1013447K [0x0000000080000000, 0x0000000100000000)
  region size 1024K, 272 young (278528K), 29 survivors (29696K)
 Metaspace       used 145287K, committed 147776K, reserved 1179648K
  class space    used 19533K, committed 20800K, reserved 1048576K
}
Event: 64.665 GC heap after
{Heap after GC invocations=76 (full 0):
 garbage-first heap   total 1280000K, used 737945K [0x0000000080000000, 0x0000000100000000)
  region size 1024K, 14 young (14336K), 14 survivors (14336K)
 Metaspace       used 145287K, committed 147776K, reserved 1179648K
  class space    used 19533K, committed 20800K, reserved 1048576K
}
Event: 65.138 GC heap before
{Heap before GC invocations=76 (full 0):
 garbage-first heap   total 1280000K, used 791193K [0x0000000080000000, 0x0000000100000000)
  region size 1024K, 67 young (68608K), 14 survivors (14336K)
 Metaspace       used 145287K, committed 147776K, reserved 1179648K
  class space    used 19533K, committed 20800K, reserved 1048576K
}
Event: 65.146 GC heap after
{Heap after GC invocations=77 (full 0):
 garbage-first heap   total 1280000K, used 714261K [0x0000000080000000, 0x0000000100000000)
  region size 1024K, 12 young (12288K), 12 survivors (12288K)
 Metaspace       used 145287K, committed 147776K, reserved 1179648K
  class space    used 19533K, committed 20800K, reserved 1048576K
}
Event: 78.254 GC heap before
{Heap before GC invocations=78 (full 0):
 garbage-first heap   total 1304576K, used 1173013K [0x0000000080000000, 0x0000000100000000)
  region size 1024K, 394 young (403456K), 12 survivors (12288K)
 Metaspace       used 155228K, committed 157696K, reserved 1245184K
  class space    used 21042K, committed 22272K, reserved 1048576K
}
Event: 78.281 GC heap after
{Heap after GC invocations=79 (full 0):
 garbage-first heap   total 1304576K, used 700532K [0x0000000080000000, 0x0000000100000000)
  region size 1024K, 36 young (36864K), 36 survivors (36864K)
 Metaspace       used 155228K, committed 157696K, reserved 1245184K
  class space    used 21042K, committed 22272K, reserved 1048576K
}
Event: 79.808 GC heap before
{Heap before GC invocations=79 (full 0):
 garbage-first heap   total 1304576K, used 1170548K [0x0000000080000000, 0x0000000100000000)
  region size 1024K, 494 young (505856K), 36 survivors (36864K)
 Metaspace       used 155900K, committed 158400K, reserved 1245184K
  class space    used 21065K, committed 22336K, reserved 1048576K
}
Event: 79.936 GC heap after
{Heap after GC invocations=80 (full 0):
 garbage-first heap   total 1304576K, used 615936K [0x0000000080000000, 0x0000000100000000)
  region size 1024K, 14 young (14336K), 14 survivors (14336K)
 Metaspace       used 155900K, committed 158400K, reserved 1245184K
  class space    used 21065K, committed 22336K, reserved 1048576K
}
Event: 83.081 GC heap before
{Heap before GC invocations=80 (full 0):
 garbage-first heap   total 1304576K, used 1147392K [0x0000000080000000, 0x0000000100000000)
  region size 1024K, 529 young (541696K), 14 survivors (14336K)
 Metaspace       used 160611K, committed 163072K, reserved 1245184K
  class space    used 21398K, committed 22656K, reserved 1048576K
}
Event: 83.104 GC heap after
{Heap after GC invocations=81 (full 0):
 garbage-first heap   total 1304576K, used 608873K [0x0000000080000000, 0x0000000100000000)
  region size 1024K, 18 young (18432K), 18 survivors (18432K)
 Metaspace       used 160611K, committed 163072K, reserved 1245184K
  class space    used 21398K, committed 22656K, reserved 1048576K
}
Event: 93.022 GC heap before
{Heap before GC invocations=81 (full 0):
 garbage-first heap   total 1304576K, used 1183337K [0x0000000080000000, 0x0000000100000000)
  region size 1024K, 410 young (419840K), 18 survivors (18432K)
 Metaspace       used 163919K, committed 166464K, reserved 1245184K
  class space    used 21763K, committed 23040K, reserved 1048576K
}
Event: 93.047 GC heap after
{Heap after GC invocations=82 (full 0):
 garbage-first heap   total 1304576K, used 629760K [0x0000000080000000, 0x0000000100000000)
  region size 1024K, 38 young (38912K), 38 survivors (38912K)
 Metaspace       used 163919K, committed 166464K, reserved 1245184K
  class space    used 21763K, committed 23040K, reserved 1048576K
}
Event: 1329.350 GC heap before
{Heap before GC invocations=83 (full 0):
 garbage-first heap   total 1259520K, used 1163264K [0x0000000080000000, 0x0000000100000000)
  region size 1024K, 597 young (611328K), 38 survivors (38912K)
 Metaspace       used 165050K, committed 167616K, reserved 1245184K
  class space    used 21790K, committed 23104K, reserved 1048576K
}
Event: 1329.569 GC heap after
{Heap after GC invocations=84 (full 0):
 garbage-first heap   total 1259520K, used 378880K [0x0000000080000000, 0x0000000100000000)
  region size 1024K, 39 young (39936K), 39 survivors (39936K)
 Metaspace       used 165050K, committed 167616K, reserved 1245184K
  class space    used 21790K, committed 23104K, reserved 1048576K
}
Event: 3693.683 GC heap before
{Heap before GC invocations=84 (full 0):
 garbage-first heap   total 1259520K, used 1019904K [0x0000000080000000, 0x0000000100000000)
  region size 1024K, 578 young (591872K), 39 survivors (39936K)
 Metaspace       used 165680K, committed 168320K, reserved 1245184K
  class space    used 21815K, committed 23168K, reserved 1048576K
}
Event: 3695.322 GC heap after
{Heap after GC invocations=85 (full 1):
 garbage-first heap   total 389120K, used 110898K [0x0000000080000000, 0x0000000100000000)
  region size 1024K, 0 young (0K), 0 survivors (0K)
 Metaspace       used 165658K, committed 168320K, reserved 1245184K
  class space    used 21809K, committed 23168K, reserved 1048576K
}

